# JRE version: OpenJDK Runtime Environment (8.0_265-b01) (build 1.8.0_265-b01)
# Java VM: OpenJDK 64-Bit Server VM (25.265-b01 mixed mode windows-amd64 compressed oops)
Heap:
 PSYoungGen      total 76288K, used 25026K [0x00000000d5580000, 0x00000000dc080000, 0x0000000100000000)
  eden space 67072K, 23% used [0x00000000d5580000,0x00000000d65049a0,0x00000000d9700000)
  from space 9216K, 99% used [0x00000000d9700000,0x00000000d9febe90,0x00000000da000000)
  to   space 10240K, 0% used [0x00000000db680000,0x00000000db680000,0x00000000dc080000)
 ParOldGen       total 59904K, used 9453K [0x0000000080000000, 0x0000000083a80000, 0x00000000d5580000)
  object space 59904K, 15% used [0x0000000080000000,0x000000008093b670,0x0000000083a80000)
 Metaspace       used 32700K, capacity 34076K, committed 34432K, reserved 1079296K
  class space    used 4612K, capacity 4883K, committed 4992K, reserved 1048576K
GC Heap History (10 events):
Event: 3.366 GC heap before
{Heap before GC invocations=6 (full 0):
 PSYoungGen      total 38400K, used 38375K [0x00000000d5580000, 0x00000000da980000, 0x0000000100000000)
  eden space 33280K, 100% used [0x00000000d5580000,0x00000000d7600000,0x00000000d7600000)
  from space 5120K, 99% used [0x00000000d7600000,0x00000000d7af9cf0,0x00000000d7b00000)
  to   space 9728K, 0% used [0x00000000da000000,0x00000000da000000,0x00000000da980000)
 ParOldGen       total 87552K, used 6296K [0x0000000080000000, 0x0000000085580000, 0x00000000d5580000)
  object space 87552K, 7% used [0x0000000080000000,0x00000000806263c8,0x0000000085580000)
 Metaspace       used 18543K, capacity 19130K, committed 19200K, reserved 1064960K
  class space    used 2638K, capacity 2795K, committed 2816K, reserved 1048576K
Event: 3.374 GC heap after
Heap after GC invocations=6 (full 0):
 PSYoungGen      total 76288K, used 7735K [0x00000000d5580000, 0x00000000da980000, 0x0000000100000000)
  eden space 66560K, 0% used [0x00000000d5580000,0x00000000d5580000,0x00000000d9680000)
  from space 9728K, 79% used [0x00000000da000000,0x00000000da78df78,0x00000000da980000)
  to   space 9728K, 0% used [0x00000000d9680000,0x00000000d9680000,0x00000000da000000)
 ParOldGen       total 87552K, used 6304K [0x0000000080000000, 0x0000000085580000, 0x00000000d5580000)
  object space 87552K, 7% used [0x0000000080000000,0x00000000806283c8,0x0000000085580000)
 Metaspace       used 18543K, capacity 19130K, committed 19200K, reserved 1064960K
  class space    used 2638K, capacity 2795K, committed 2816K, reserved 1048576K
}
Event: 3.787 GC heap before
{Heap before GC invocations=7 (full 0):
 PSYoungGen      total 76288K, used 37638K [0x00000000d5580000, 0x00000000da980000, 0x0000000100000000)
  eden space 66560K, 44% used [0x00000000d5580000,0x00000000d72b3a38,0x00000000d9680000)
  from space 9728K, 79% used [0x00000000da000000,0x00000000da78df78,0x00000000da980000)
  to   space 9728K, 0% used [0x00000000d9680000,0x00000000d9680000,0x00000000da000000)
 ParOldGen       total 87552K, used 6304K [0x0000000080000000, 0x0000000085580000, 0x00000000d5580000)
  object space 87552K, 7% used [0x0000000080000000,0x00000000806283c8,0x0000000085580000)
 Metaspace       used 20659K, capacity 21242K, committed 21296K, reserved 1067008K
  class space    used 2975K, capacity 3149K, committed 3200K, reserved 1048576K
Event: 3.799 GC heap after
Heap after GC invocations=7 (full 0):
 PSYoungGen      total 76288K, used 6466K [0x00000000d5580000, 0x00000000da980000, 0x0000000100000000)
  eden space 66560K, 0% used [0x00000000d5580000,0x00000000d5580000,0x00000000d9680000)
  from space 9728K, 66% used [0x00000000d9680000,0x00000000d9cd0968,0x00000000da000000)
  to   space 9728K, 0% used [0x00000000da000000,0x00000000da000000,0x00000000da980000)
 ParOldGen       total 87552K, used 8587K [0x0000000080000000, 0x0000000085580000, 0x00000000d5580000)
  object space 87552K, 9% used [0x0000000080000000,0x0000000080862dc8,0x0000000085580000)
 Metaspace       used 20659K, capacity 21242K, committed 21296K, reserved 1067008K
  class space    used 2975K, capacity 3149K, committed 3200K, reserved 1048576K
}
Event: 3.799 GC heap before
{Heap before GC invocations=8 (full 1):
 PSYoungGen      total 76288K, used 6466K [0x00000000d5580000, 0x00000000da980000, 0x0000000100000000)
  eden space 66560K, 0% used [0x00000000d5580000,0x00000000d5580000,0x00000000d9680000)
  from space 9728K, 66% used [0x00000000d9680000,0x00000000d9cd0968,0x00000000da000000)
  to   space 9728K, 0% used [0x00000000da000000,0x00000000da000000,0x00000000da980000)
 ParOldGen       total 87552K, used 8587K [0x0000000080000000, 0x0000000085580000, 0x00000000d5580000)
  object space 87552K, 9% used [0x0000000080000000,0x0000000080862dc8,0x0000000085580000)
 Metaspace       used 20659K, capacity 21242K, committed 21296K, reserved 1067008K
  class space    used 2975K, capacity 3149K, committed 3200K, reserved 1048576K
Event: 3.842 GC heap after
Heap after GC invocations=8 (full 1):
 PSYoungGen      total 76288K, used 0K [0x00000000d5580000, 0x00000000da980000, 0x0000000100000000)
  eden space 66560K, 0% used [0x00000000d5580000,0x00000000d5580000,0x00000000d9680000)
  from space 9728K, 0% used [0x00000000d9680000,0x00000000d9680000,0x00000000da000000)
  to   space 9728K, 0% used [0x00000000da000000,0x00000000da000000,0x00000000da980000)
 ParOldGen       total 59904K, used 9437K [0x0000000080000000, 0x0000000083a80000, 0x00000000d5580000)
  object space 59904K, 15% used [0x0000000080000000,0x0000000080937670,0x0000000083a80000)
 Metaspace       used 20659K, capacity 21242K, committed 21296K, reserved 1067008K
  class space    used 2975K, capacity 3149K, committed 3200K, reserved 1048576K
}
Event: 4.790 GC heap before
{Heap before GC invocations=9 (full 1):
 PSYoungGen      total 76288K, used 66560K [0x00000000d5580000, 0x00000000da980000, 0x0000000100000000)
  eden space 66560K, 100% used [0x00000000d5580000,0x00000000d9680000,0x00000000d9680000)
  from space 9728K, 0% used [0x00000000d9680000,0x00000000d9680000,0x00000000da000000)
  to   space 9728K, 0% used [0x00000000da000000,0x00000000da000000,0x00000000da980000)
 ParOldGen       total 59904K, used 9437K [0x0000000080000000, 0x0000000083a80000, 0x00000000d5580000)
  object space 59904K, 15% used [0x0000000080000000,0x0000000080937670,0x0000000083a80000)
 Metaspace       used 24569K, capacity 25494K, committed 25728K, reserved 1071104K
  class space    used 3640K, capacity 3879K, committed 3968K, reserved 1048576K
Event: 4.795 GC heap after
Heap after GC invocations=9 (full 1):
 PSYoungGen      total 76800K, used 5082K [0x00000000d5580000, 0x00000000dce00000, 0x0000000100000000)
  eden space 67072K, 0% used [0x00000000d5580000,0x00000000d5580000,0x00000000d9700000)
  from space 9728K, 52% used [0x00000000da000000,0x00000000da4f6a48,0x00000000da980000)
  to   space 9216K, 0% used [0x00000000d9700000,0x00000000d9700000,0x00000000da000000)
 ParOldGen       total 59904K, used 9445K [0x0000000080000000, 0x0000000083a80000, 0x00000000d5580000)
  object space 59904K, 15% used [0x0000000080000000,0x0000000080939670,0x0000000083a80000)
 Metaspace       used 24569K, capacity 25494K, committed 25728K, reserved 1071104K
  class space    used 3640K, capacity 3879K, committed 3968K, reserved 1048576K
}
Event: 5.874 GC heap before
{Heap before GC invocations=10 (full 1):
 PSYoungGen      total 76800K, used 72154K [0x00000000d5580000, 0x00000000dce00000, 0x0000000100000000)
  eden space 67072K, 100% used [0x00000000d5580000,0x00000000d9700000,0x00000000d9700000)
  from space 9728K, 52% used [0x00000000da000000,0x00000000da4f6a48,0x00000000da980000)
  to   space 9216K, 0% used [0x00000000d9700000,0x00000000d9700000,0x00000000da000000)
 ParOldGen       total 59904K, used 9445K [0x0000000080000000, 0x0000000083a80000, 0x00000000d5580000)
  object space 59904K, 15% used [0x0000000080000000,0x0000000080939670,0x0000000083a80000)
 Metaspace       used 32057K, capacity 33424K, committed 33536K, reserved 1077248K
  class space    used 4546K, capacity 4837K, committed 4864K, reserved 1048576K
Event: 5.883 GC heap after
Heap after GC invocations=10 (full 1):
 PSYoungGen      total 76288K, used 9135K [0x00000000d5580000, 0x00000000dc080000, 0x0000000100000000)
  eden space 67072K, 0% used [0x00000000d5580000,0x00000000d5580000,0x00000000d9700000)
  from space 9216K, 99% used [0x00000000d9700000,0x00000000d9febe90,0x00000000da000000)
  to   space 10240K, 0% used [0x00000000db680000,0x00000000db680000,0x00000000dc080000)
 ParOldGen       total 59904K, used 9453K [0x0000000080000000, 0x0000000083a80000, 0x00000000d5580000)
  object space 59904K, 15% used [0x0000000080000000,0x000000008093b670,0x0000000083a80000)
 Metaspace       used 32057K, capacity 33424K, committed 33536K, reserved 1077248K
  class space    used 4546K, capacity 4837K, committed 4864K, reserved 1048576K
}

