# JRE version: OpenJDK Runtime Environment (8.0_265-b01) (build 1.8.0_265-b01)
# Java VM: OpenJDK 64-Bit Server VM (25.265-b01 mixed mode windows-amd64 compressed oops)
Heap:
 PSYoungGen      total 168448K, used 47527K [0x00000000d5800000, 0x00000000e6700000, 0x0000000100000000)
  eden space 142336K, 15% used [0x00000000d5800000,0x00000000d6ceee00,0x00000000de300000)
  from space 26112K, 99% used [0x00000000de300000,0x00000000dfc7aec8,0x00000000dfc80000)
  to   space 31744K, 0% used [0x00000000e4800000,0x00000000e4800000,0x00000000e6700000)
 ParOldGen       total 77312K, used 44925K [0x0000000080800000, 0x0000000085380000, 0x00000000d5800000)
  object space 77312K, 58% used [0x0000000080800000,0x00000000833df7e0,0x0000000085380000)
 Metaspace       used 52000K, capacity 53097K, committed 53288K, reserved 1095680K
  class space    used 6345K, capacity 6623K, committed 6696K, reserved 1048576K
GC Heap History (10 events):
Event: 2.153 GC heap before
{Heap before GC invocations=5 (full 1):
 PSYoungGen      total 71680K, used 66560K [0x00000000d5800000, 0x00000000de400000, 0x0000000100000000)
  eden space 66560K, 100% used [0x00000000d5800000,0x00000000d9900000,0x00000000d9900000)
  from space 5120K, 0% used [0x00000000d9900000,0x00000000d9900000,0x00000000d9e00000)
  to   space 5120K, 0% used [0x00000000ddf00000,0x00000000ddf00000,0x00000000de400000)
 ParOldGen       total 77312K, used 14949K [0x0000000080800000, 0x0000000085380000, 0x00000000d5800000)
  object space 77312K, 19% used [0x0000000080800000,0x0000000081699550,0x0000000085380000)
 Metaspace       used 25747K, capacity 26394K, committed 26672K, reserved 1073152K
  class space    used 3379K, capacity 3583K, committed 3632K, reserved 1048576K
Event: 2.170 GC heap after
Heap after GC invocations=5 (full 1):
 PSYoungGen      total 102400K, used 5100K [0x00000000d5800000, 0x00000000de400000, 0x0000000100000000)
  eden space 97280K, 0% used [0x00000000d5800000,0x00000000d5800000,0x00000000db700000)
  from space 5120K, 99% used [0x00000000ddf00000,0x00000000de3fb118,0x00000000de400000)
  to   space 5120K, 0% used [0x00000000dda00000,0x00000000dda00000,0x00000000ddf00000)
 ParOldGen       total 77312K, used 22749K [0x0000000080800000, 0x0000000085380000, 0x00000000d5800000)
  object space 77312K, 29% used [0x0000000080800000,0x0000000081e37518,0x0000000085380000)
 Metaspace       used 25747K, capacity 26394K, committed 26672K, reserved 1073152K
  class space    used 3379K, capacity 3583K, committed 3632K, reserved 1048576K
}
Event: 2.936 GC heap before
{Heap before GC invocations=6 (full 1):
 PSYoungGen      total 102400K, used 102380K [0x00000000d5800000, 0x00000000de400000, 0x0000000100000000)
  eden space 97280K, 100% used [0x00000000d5800000,0x00000000db700000,0x00000000db700000)
  from space 5120K, 99% used [0x00000000ddf00000,0x00000000de3fb118,0x00000000de400000)
  to   space 5120K, 0% used [0x00000000dda00000,0x00000000dda00000,0x00000000ddf00000)
 ParOldGen       total 77312K, used 22749K [0x0000000080800000, 0x0000000085380000, 0x00000000d5800000)
  object space 77312K, 29% used [0x0000000080800000,0x0000000081e37518,0x0000000085380000)
 Metaspace       used 33842K, capacity 34533K, committed 34864K, reserved 1079296K
  class space    used 4410K, capacity 4617K, committed 4656K, reserved 1048576K
Event: 2.956 GC heap after
Heap after GC invocations=6 (full 1):
 PSYoungGen      total 138240K, used 5105K [0x00000000d5800000, 0x00000000e1600000, 0x0000000100000000)
  eden space 133120K, 0% used [0x00000000d5800000,0x00000000d5800000,0x00000000dda00000)
  from space 5120K, 99% used [0x00000000dda00000,0x00000000ddefc578,0x00000000ddf00000)
  to   space 26112K, 0% used [0x00000000dfc80000,0x00000000dfc80000,0x00000000e1600000)
 ParOldGen       total 77312K, used 44408K [0x0000000080800000, 0x0000000085380000, 0x00000000d5800000)
  object space 77312K, 57% used [0x0000000080800000,0x000000008335e2e0,0x0000000085380000)
 Metaspace       used 33842K, capacity 34533K, committed 34864K, reserved 1079296K
  class space    used 4410K, capacity 4617K, committed 4656K, reserved 1048576K
}
Event: 3.004 GC heap before
{Heap before GC invocations=7 (full 1):
 PSYoungGen      total 138240K, used 10372K [0x00000000d5800000, 0x00000000e1600000, 0x0000000100000000)
  eden space 133120K, 3% used [0x00000000d5800000,0x00000000d5d24e00,0x00000000dda00000)
  from space 5120K, 99% used [0x00000000dda00000,0x00000000ddefc578,0x00000000ddf00000)
  to   space 26112K, 0% used [0x00000000dfc80000,0x00000000dfc80000,0x00000000e1600000)
 ParOldGen       total 77312K, used 44408K [0x0000000080800000, 0x0000000085380000, 0x00000000d5800000)
  object space 77312K, 57% used [0x0000000080800000,0x000000008335e2e0,0x0000000085380000)
 Metaspace       used 34624K, capacity 35301K, committed 35496K, reserved 1079296K
  class space    used 4468K, capacity 4681K, committed 4776K, reserved 1048576K
Event: 3.012 GC heap after
Heap after GC invocations=7 (full 1):
 PSYoungGen      total 168448K, used 6605K [0x00000000d5800000, 0x00000000e6180000, 0x0000000100000000)
  eden space 142336K, 0% used [0x00000000d5800000,0x00000000d5800000,0x00000000de300000)
  from space 26112K, 25% used [0x00000000dfc80000,0x00000000e02f3560,0x00000000e1600000)
  to   space 26112K, 0% used [0x00000000de300000,0x00000000de300000,0x00000000dfc80000)
 ParOldGen       total 77312K, used 44408K [0x0000000080800000, 0x0000000085380000, 0x00000000d5800000)
  object space 77312K, 57% used [0x0000000080800000,0x000000008335e2e0,0x0000000085380000)
 Metaspace       used 34624K, capacity 35301K, committed 35496K, reserved 1079296K
  class space    used 4468K, capacity 4681K, committed 4776K, reserved 1048576K
}
Event: 3.012 GC heap before
{Heap before GC invocations=8 (full 2):
 PSYoungGen      total 168448K, used 6605K [0x00000000d5800000, 0x00000000e6180000, 0x0000000100000000)
  eden space 142336K, 0% used [0x00000000d5800000,0x00000000d5800000,0x00000000de300000)
  from space 26112K, 25% used [0x00000000dfc80000,0x00000000e02f3560,0x00000000e1600000)
  to   space 26112K, 0% used [0x00000000de300000,0x00000000de300000,0x00000000dfc80000)
 ParOldGen       total 77312K, used 44408K [0x0000000080800000, 0x0000000085380000, 0x00000000d5800000)
  object space 77312K, 57% used [0x0000000080800000,0x000000008335e2e0,0x0000000085380000)
 Metaspace       used 34624K, capacity 35301K, committed 35496K, reserved 1079296K
  class space    used 4468K, capacity 4681K, committed 4776K, reserved 1048576K
Event: 3.104 GC heap after
Heap after GC invocations=8 (full 2):
 PSYoungGen      total 168448K, used 0K [0x00000000d5800000, 0x00000000e6180000, 0x0000000100000000)
  eden space 142336K, 0% used [0x00000000d5800000,0x00000000d5800000,0x00000000de300000)
  from space 26112K, 0% used [0x00000000dfc80000,0x00000000dfc80000,0x00000000e1600000)
  to   space 26112K, 0% used [0x00000000de300000,0x00000000de300000,0x00000000dfc80000)
 ParOldGen       total 77312K, used 43687K [0x0000000080800000, 0x0000000085380000, 0x00000000d5800000)
  object space 77312K, 56% used [0x0000000080800000,0x00000000832a9fb8,0x0000000085380000)
 Metaspace       used 34624K, capacity 35301K, committed 35496K, reserved 1079296K
  class space    used 4468K, capacity 4681K, committed 4776K, reserved 1048576K
}
Event: 5.480 GC heap before
{Heap before GC invocations=9 (full 2):
 PSYoungGen      total 168448K, used 142336K [0x00000000d5800000, 0x00000000e6180000, 0x0000000100000000)
  eden space 142336K, 100% used [0x00000000d5800000,0x00000000de300000,0x00000000de300000)
  from space 26112K, 0% used [0x00000000dfc80000,0x00000000dfc80000,0x00000000e1600000)
  to   space 26112K, 0% used [0x00000000de300000,0x00000000de300000,0x00000000dfc80000)
 ParOldGen       total 77312K, used 43687K [0x0000000080800000, 0x0000000085380000, 0x00000000d5800000)
  object space 77312K, 56% used [0x0000000080800000,0x00000000832a9fb8,0x0000000085380000)
 Metaspace       used 50060K, capacity 51153K, committed 51368K, reserved 1093632K
  class space    used 6170K, capacity 6449K, committed 6568K, reserved 1048576K
Event: 5.510 GC heap after
Heap after GC invocations=9 (full 2):
 PSYoungGen      total 168448K, used 26091K [0x00000000d5800000, 0x00000000e6700000, 0x0000000100000000)
  eden space 142336K, 0% used [0x00000000d5800000,0x00000000d5800000,0x00000000de300000)
  from space 26112K, 99% used [0x00000000de300000,0x00000000dfc7aec8,0x00000000dfc80000)
  to   space 31744K, 0% used [0x00000000e4800000,0x00000000e4800000,0x00000000e6700000)
 ParOldGen       total 77312K, used 44925K [0x0000000080800000, 0x0000000085380000, 0x00000000d5800000)
  object space 77312K, 58% used [0x0000000080800000,0x00000000833df7e0,0x0000000085380000)
 Metaspace       used 50060K, capacity 51153K, committed 51368K, reserved 1093632K
  class space    used 6170K, capacity 6449K, committed 6568K, reserved 1048576K
}

