# JRE version: Java(TM) SE Runtime Environment 18.9 (11.0.14+8) (build 11.0.14+8-LTS-263)
# Java VM: Java HotSpot(TM) 64-Bit Server VM 18.9 (11.0.14+8-LTS-263, mixed mode, tiered, compressed oops, g1 gc, windows-amd64)
Heap:
 garbage-first heap   total 189440K, used 98816K [0x0000000080800000, 0x0000000100000000)
  region size 1024K, 49 young (50176K), 6 survivors (6144K)
 Metaspace       used 68210K, capacity 69039K, committed 69124K, reserved 1110016K
  class space    used 7774K, capacity 8119K, committed 8140K, reserved 1048576K
GC Heap History (10 events):
Event: 2.835 GC heap before
{Heap before GC invocations=6 (full 0):
 garbage-first heap   total 131072K, used 70452K [0x0000000080800000, 0x0000000100000000)
  region size 1024K, 45 young (46080K), 3 survivors (3072K)
 Metaspace       used 44571K, capacity 45042K, committed 45340K, reserved 1089536K
  class space    used 5327K, capacity 5510K, committed 5580K, reserved 1048576K
}
Event: 2.843 GC heap after
{Heap after GC invocations=7 (full 0):
 garbage-first heap   total 157696K, used 30650K [0x0000000080800000, 0x0000000100000000)
  region size 1024K, 6 young (6144K), 6 survivors (6144K)
 Metaspace       used 44571K, capacity 45042K, committed 45340K, reserved 1089536K
  class space    used 5327K, capacity 5510K, committed 5580K, reserved 1048576K
}
Event: 3.619 GC heap before
{Heap before GC invocations=7 (full 0):
 garbage-first heap   total 157696K, used 85946K [0x0000000080800000, 0x0000000100000000)
  region size 1024K, 59 young (60416K), 6 survivors (6144K)
 Metaspace       used 52844K, capacity 53492K, committed 53660K, reserved 1095680K
  class space    used 6394K, capacity 6665K, committed 6732K, reserved 1048576K
}
Event: 3.628 GC heap after
{Heap after GC invocations=8 (full 0):
 garbage-first heap   total 157696K, used 35033K [0x0000000080800000, 0x0000000100000000)
  region size 1024K, 8 young (8192K), 8 survivors (8192K)
 Metaspace       used 52844K, capacity 53492K, committed 53660K, reserved 1095680K
  class space    used 6394K, capacity 6665K, committed 6732K, reserved 1048576K
}
Event: 4.768 GC heap before
{Heap before GC invocations=8 (full 0):
 garbage-first heap   total 157696K, used 95449K [0x0000000080800000, 0x0000000100000000)
  region size 1024K, 67 young (68608K), 8 survivors (8192K)
 Metaspace       used 58163K, capacity 58849K, committed 59036K, reserved 1101824K
  class space    used 6874K, capacity 7185K, committed 7244K, reserved 1048576K
}
Event: 4.786 GC heap after
{Heap after GC invocations=9 (full 0):
 garbage-first heap   total 157696K, used 44134K [0x0000000080800000, 0x0000000100000000)
  region size 1024K, 9 young (9216K), 9 survivors (9216K)
 Metaspace       used 58163K, capacity 58849K, committed 59036K, reserved 1101824K
  class space    used 6874K, capacity 7185K, committed 7244K, reserved 1048576K
}
Event: 5.244 GC heap before
{Heap before GC invocations=9 (full 0):
 garbage-first heap   total 157696K, used 76902K [0x0000000080800000, 0x0000000100000000)
  region size 1024K, 42 young (43008K), 9 survivors (9216K)
 Metaspace       used 59615K, capacity 60300K, committed 60420K, reserved 1101824K
  class space    used 7018K, capacity 7328K, committed 7372K, reserved 1048576K
}
Event: 5.262 GC heap after
{Heap after GC invocations=10 (full 0):
 garbage-first heap   total 157696K, used 50499K [0x0000000080800000, 0x0000000100000000)
  region size 1024K, 6 young (6144K), 6 survivors (6144K)
 Metaspace       used 59615K, capacity 60300K, committed 60420K, reserved 1101824K
  class space    used 7018K, capacity 7328K, committed 7372K, reserved 1048576K
}
Event: 6.613 GC heap before
{Heap before GC invocations=11 (full 0):
 garbage-first heap   total 157696K, used 99651K [0x0000000080800000, 0x0000000100000000)
  region size 1024K, 54 young (55296K), 6 survivors (6144K)
 Metaspace       used 63668K, capacity 64474K, committed 64644K, reserved 1105920K
  class space    used 7353K, capacity 7706K, committed 7756K, reserved 1048576K
}
Event: 6.627 GC heap after
{Heap after GC invocations=12 (full 0):
 garbage-first heap   total 189440K, used 55808K [0x0000000080800000, 0x0000000100000000)
  region size 1024K, 6 young (6144K), 6 survivors (6144K)
 Metaspace       used 63668K, capacity 64474K, committed 64644K, reserved 1105920K
  class space    used 7353K, capacity 7706K, committed 7756K, reserved 1048576K
}

