# JRE version: OpenJDK Runtime Environment (8.0_265-b01) (build 1.8.0_265-b01)
# Java VM: OpenJDK 64-Bit Server VM (25.265-b01 mixed mode windows-amd64 compressed oops)
Heap:
 PSYoungGen      total 649216K, used 281181K [0x00000000d5580000, 0x0000000100000000, 0x0000000100000000)
  eden space 599552K, 46% used [0x00000000d5580000,0x00000000e6817708,0x00000000f9f00000)
  from space 49664K, 0% used [0x00000000f9f00000,0x00000000f9f00000,0x00000000fcf80000)
  to   space 48128K, 0% used [0x00000000fd100000,0x00000000fd100000,0x0000000100000000)
 ParOldGen       total 120320K, used 107634K [0x0000000080000000, 0x0000000087580000, 0x00000000d5580000)
  object space 120320K, 89% used [0x0000000080000000,0x000000008691c908,0x0000000087580000)
 Metaspace       used 69603K, capacity 73672K, committed 73816K, reserved 1112064K
  class space    used 9692K, capacity 10488K, committed 10584K, reserved 1048576K
GC Heap History (10 events):
Event: 73.070 GC heap before
{Heap before GC invocations=26 (full 3):
 PSYoungGen      total 534528K, used 534507K [0x00000000d5580000, 0x00000000f9700000, 0x0000000100000000)
  eden space 507904K, 100% used [0x00000000d5580000,0x00000000f4580000,0x00000000f4580000)
  from space 26624K, 99% used [0x00000000f6780000,0x00000000f817ae58,0x00000000f8180000)
  to   space 34816K, 0% used [0x00000000f4580000,0x00000000f4580000,0x00000000f6780000)
 ParOldGen       total 117248K, used 80370K [0x0000000080000000, 0x0000000087280000, 0x00000000d5580000)
  object space 117248K, 68% used [0x0000000080000000,0x0000000084e7c8d0,0x0000000087280000)
 Metaspace       used 69467K, capacity 73608K, committed 73688K, reserved 1112064K
  class space    used 9671K, capacity 10450K, committed 10456K, reserved 1048576K
Event: 73.128 GC heap after
Heap after GC invocations=26 (full 3):
 PSYoungGen      total 542720K, used 34786K [0x00000000d5580000, 0x00000000ffe80000, 0x0000000100000000)
  eden space 507904K, 0% used [0x00000000d5580000,0x00000000d5580000,0x00000000f4580000)
  from space 34816K, 99% used [0x00000000f4580000,0x00000000f6778aa8,0x00000000f6780000)
  to   space 43520K, 0% used [0x00000000fd400000,0x00000000fd400000,0x00000000ffe80000)
 ParOldGen       total 117248K, used 88265K [0x0000000080000000, 0x0000000087280000, 0x00000000d5580000)
  object space 117248K, 75% used [0x0000000080000000,0x0000000085632718,0x0000000087280000)
 Metaspace       used 69467K, capacity 73608K, committed 73688K, reserved 1112064K
  class space    used 9671K, capacity 10450K, committed 10456K, reserved 1048576K
}
Event: 75.726 GC heap before
{Heap before GC invocations=27 (full 3):
 PSYoungGen      total 542720K, used 542690K [0x00000000d5580000, 0x00000000ffe80000, 0x0000000100000000)
  eden space 507904K, 100% used [0x00000000d5580000,0x00000000f4580000,0x00000000f4580000)
  from space 34816K, 99% used [0x00000000f4580000,0x00000000f6778aa8,0x00000000f6780000)
  to   space 43520K, 0% used [0x00000000fd400000,0x00000000fd400000,0x00000000ffe80000)
 ParOldGen       total 117248K, used 88265K [0x0000000080000000, 0x0000000087280000, 0x00000000d5580000)
  object space 117248K, 75% used [0x0000000080000000,0x0000000085632718,0x0000000087280000)
 Metaspace       used 69483K, capacity 73608K, committed 73688K, reserved 1112064K
  class space    used 9673K, capacity 10450K, committed 10456K, reserved 1048576K
Event: 75.791 GC heap after
Heap after GC invocations=27 (full 3):
 PSYoungGen      total 643072K, used 40947K [0x00000000d5580000, 0x0000000100000000, 0x0000000100000000)
  eden space 599552K, 0% used [0x00000000d5580000,0x00000000d5580000,0x00000000f9f00000)
  from space 43520K, 94% used [0x00000000fd400000,0x00000000ffbfcca0,0x00000000ffe80000)
  to   space 49664K, 0% used [0x00000000f9f00000,0x00000000f9f00000,0x00000000fcf80000)
 ParOldGen       total 117248K, used 93845K [0x0000000080000000, 0x0000000087280000, 0x00000000d5580000)
  object space 117248K, 80% used [0x0000000080000000,0x0000000085ba5688,0x0000000087280000)
 Metaspace       used 69483K, capacity 73608K, committed 73688K, reserved 1112064K
  class space    used 9673K, capacity 10450K, committed 10456K, reserved 1048576K
}
Event: 79.406 GC heap before
{Heap before GC invocations=28 (full 3):
 PSYoungGen      total 643072K, used 640499K [0x00000000d5580000, 0x0000000100000000, 0x0000000100000000)
  eden space 599552K, 100% used [0x00000000d5580000,0x00000000f9f00000,0x00000000f9f00000)
  from space 43520K, 94% used [0x00000000fd400000,0x00000000ffbfcca0,0x00000000ffe80000)
  to   space 49664K, 0% used [0x00000000f9f00000,0x00000000f9f00000,0x00000000fcf80000)
 ParOldGen       total 117248K, used 93845K [0x0000000080000000, 0x0000000087280000, 0x00000000d5580000)
  object space 117248K, 80% used [0x0000000080000000,0x0000000085ba5688,0x0000000087280000)
 Metaspace       used 69496K, capacity 73608K, committed 73688K, reserved 1112064K
  class space    used 9674K, capacity 10450K, committed 10456K, reserved 1048576K
Event: 79.467 GC heap after
Heap after GC invocations=28 (full 3):
 PSYoungGen      total 649216K, used 23200K [0x00000000d5580000, 0x0000000100000000, 0x0000000100000000)
  eden space 599552K, 0% used [0x00000000d5580000,0x00000000d5580000,0x00000000f9f00000)
  from space 49664K, 46% used [0x00000000f9f00000,0x00000000fb5a80b0,0x00000000fcf80000)
  to   space 48128K, 0% used [0x00000000fd100000,0x00000000fd100000,0x0000000100000000)
 ParOldGen       total 120320K, used 120131K [0x0000000080000000, 0x0000000087580000, 0x00000000d5580000)
  object space 120320K, 99% used [0x0000000080000000,0x0000000087550d10,0x0000000087580000)
 Metaspace       used 69496K, capacity 73608K, committed 73688K, reserved 1112064K
  class space    used 9674K, capacity 10450K, committed 10456K, reserved 1048576K
}
Event: 79.467 GC heap before
{Heap before GC invocations=29 (full 4):
 PSYoungGen      total 649216K, used 23200K [0x00000000d5580000, 0x0000000100000000, 0x0000000100000000)
  eden space 599552K, 0% used [0x00000000d5580000,0x00000000d5580000,0x00000000f9f00000)
  from space 49664K, 46% used [0x00000000f9f00000,0x00000000fb5a80b0,0x00000000fcf80000)
  to   space 48128K, 0% used [0x00000000fd100000,0x00000000fd100000,0x0000000100000000)
 ParOldGen       total 120320K, used 120131K [0x0000000080000000, 0x0000000087580000, 0x00000000d5580000)
  object space 120320K, 99% used [0x0000000080000000,0x0000000087550d10,0x0000000087580000)
 Metaspace       used 69496K, capacity 73608K, committed 73688K, reserved 1112064K
  class space    used 9674K, capacity 10450K, committed 10456K, reserved 1048576K
Event: 79.805 GC heap after
Heap after GC invocations=29 (full 4):
 PSYoungGen      total 649216K, used 0K [0x00000000d5580000, 0x0000000100000000, 0x0000000100000000)
  eden space 599552K, 0% used [0x00000000d5580000,0x00000000d5580000,0x00000000f9f00000)
  from space 49664K, 0% used [0x00000000f9f00000,0x00000000f9f00000,0x00000000fcf80000)
  to   space 48128K, 0% used [0x00000000fd100000,0x00000000fd100000,0x0000000100000000)
 ParOldGen       total 120320K, used 104784K [0x0000000080000000, 0x0000000087580000, 0x00000000d5580000)
  object space 120320K, 87% used [0x0000000080000000,0x0000000086654290,0x0000000087580000)
 Metaspace       used 69483K, capacity 73574K, committed 73688K, reserved 1112064K
  class space    used 9670K, capacity 10443K, committed 10456K, reserved 1048576K
}
Event: 83.906 GC heap before
{Heap before GC invocations=30 (full 5):
 PSYoungGen      total 649216K, used 599552K [0x00000000d5580000, 0x0000000100000000, 0x0000000100000000)
  eden space 599552K, 100% used [0x00000000d5580000,0x00000000f9f00000,0x00000000f9f00000)
  from space 49664K, 0% used [0x00000000f9f00000,0x00000000f9f00000,0x00000000fcf80000)
  to   space 48128K, 0% used [0x00000000fd100000,0x00000000fd100000,0x0000000100000000)
 ParOldGen       total 120320K, used 104784K [0x0000000080000000, 0x0000000087580000, 0x00000000d5580000)
  object space 120320K, 87% used [0x0000000080000000,0x0000000086654290,0x0000000087580000)
 Metaspace       used 69490K, capacity 73586K, committed 73688K, reserved 1112064K
  class space    used 9671K, capacity 10445K, committed 10456K, reserved 1048576K
Event: 84.260 GC heap after
Heap after GC invocations=30 (full 5):
 PSYoungGen      total 649216K, used 0K [0x00000000d5580000, 0x0000000100000000, 0x0000000100000000)
  eden space 599552K, 0% used [0x00000000d5580000,0x00000000d5580000,0x00000000f9f00000)
  from space 49664K, 0% used [0x00000000f9f00000,0x00000000f9f00000,0x00000000fcf80000)
  to   space 48128K, 0% used [0x00000000fd100000,0x00000000fd100000,0x0000000100000000)
 ParOldGen       total 120320K, used 107634K [0x0000000080000000, 0x0000000087580000, 0x00000000d5580000)
  object space 120320K, 89% used [0x0000000080000000,0x000000008691c908,0x0000000087580000)
 Metaspace       used 69490K, capacity 73586K, committed 73688K, reserved 1112064K
  class space    used 9671K, capacity 10445K, committed 10456K, reserved 1048576K
}

