# JRE version: Java(TM) SE Runtime Environment 18.9 (11.0.14+8) (build 11.0.14+8-LTS-263)
# Java VM: Java HotSpot(TM) 64-Bit Server VM 18.9 (11.0.14+8-LTS-263, mixed mode, tiered, compressed oops, g1 gc, windows-amd64)
Heap:
 garbage-first heap   total 273408K, used 141673K [0x0000000080000000, 0x0000000100000000)
  region size 1024K, 5 young (5120K), 5 survivors (5120K)
 Metaspace       used 105108K, capacity 108624K, committed 108928K, reserved 610304K
  class space    used 13776K, capacity 15112K, committed 15232K, reserved 516096K
GC Heap History (10 events):
Event: 37.284 GC heap after
{Heap after GC invocations=50 (full 0):
 garbage-first heap   total 189440K, used 132372K [0x0000000080000000, 0x0000000100000000)
  region size 1024K, 2 young (2048K), 2 survivors (2048K)
 Metaspace       used 104225K, capacity 107737K, committed 107776K, reserved 610304K
  class space    used 13728K, capacity 15098K, committed 15104K, reserved 516096K
}
Event: 37.724 GC heap before
{Heap before GC invocations=51 (full 0):
 garbage-first heap   total 189440K, used 152852K [0x0000000080000000, 0x0000000100000000)
  region size 1024K, 23 young (23552K), 2 survivors (2048K)
 Metaspace       used 104542K, capacity 108018K, committed 108160K, reserved 610304K
  class space    used 13740K, capacity 15108K, committed 15232K, reserved 516096K
}
Event: 37.730 GC heap after
{Heap after GC invocations=52 (full 0):
 garbage-first heap   total 227328K, used 133497K [0x0000000080000000, 0x0000000100000000)
  region size 1024K, 3 young (3072K), 3 survivors (3072K)
 Metaspace       used 104542K, capacity 108018K, committed 108160K, reserved 610304K
  class space    used 13740K, capacity 15108K, committed 15232K, reserved 516096K
}
Event: 37.809 GC heap before
{Heap before GC invocations=52 (full 0):
 garbage-first heap   total 227328K, used 140665K [0x0000000080000000, 0x0000000100000000)
  region size 1024K, 11 young (11264K), 3 survivors (3072K)
 Metaspace       used 104557K, capacity 108018K, committed 108160K, reserved 610304K
  class space    used 13740K, capacity 15108K, committed 15232K, reserved 516096K
}
Event: 37.814 GC heap after
{Heap after GC invocations=53 (full 0):
 garbage-first heap   total 227328K, used 134436K [0x0000000080000000, 0x0000000100000000)
  region size 1024K, 1 young (1024K), 1 survivors (1024K)
 Metaspace       used 104557K, capacity 108018K, committed 108160K, reserved 610304K
  class space    used 13740K, capacity 15108K, committed 15232K, reserved 516096K
}
Event: 38.268 GC heap before
{Heap before GC invocations=53 (full 0):
 garbage-first heap   total 227328K, used 170276K [0x0000000080000000, 0x0000000100000000)
  region size 1024K, 37 young (37888K), 1 survivors (1024K)
 Metaspace       used 104747K, capacity 108325K, committed 108672K, reserved 610304K
  class space    used 13745K, capacity 15115K, committed 15232K, reserved 516096K
}
Event: 38.272 GC heap after
{Heap after GC invocations=54 (full 0):
 garbage-first heap   total 227328K, used 136672K [0x0000000080000000, 0x0000000100000000)
  region size 1024K, 4 young (4096K), 4 survivors (4096K)
 Metaspace       used 104747K, capacity 108325K, committed 108672K, reserved 610304K
  class space    used 13745K, capacity 15115K, committed 15232K, reserved 516096K
}
Event: 38.810 GC heap before
{Heap before GC invocations=55 (full 0):
 garbage-first heap   total 227328K, used 173536K [0x0000000080000000, 0x0000000100000000)
  region size 1024K, 41 young (41984K), 4 survivors (4096K)
 Metaspace       used 104823K, capacity 108268K, committed 108672K, reserved 610304K
  class space    used 13730K, capacity 15079K, committed 15232K, reserved 516096K
}
Event: 38.817 GC heap after
{Heap after GC invocations=56 (full 0):
 garbage-first heap   total 227328K, used 139609K [0x0000000080000000, 0x0000000100000000)
  region size 1024K, 6 young (6144K), 6 survivors (6144K)
 Metaspace       used 104823K, capacity 108268K, committed 108672K, reserved 610304K
  class space    used 13730K, capacity 15079K, committed 15232K, reserved 516096K
}
Event: 39.240 GC heap before
{Heap before GC invocations=56 (full 0):
 garbage-first heap   total 227328K, used 177497K [0x0000000080000000, 0x0000000100000000)
  region size 1024K, 44 young (45056K), 6 survivors (6144K)
 Metaspace       used 105108K, capacity 108624K, committed 108928K, reserved 610304K
  class space    used 13776K, capacity 15112K, committed 15232K, reserved 516096K
}

