# JRE version: Java(TM) SE Runtime Environment 18.9 (11.0.14+8) (build 11.0.14+8-LTS-263)
# Java VM: Java HotSpot(TM) 64-Bit Server VM 18.9 (11.0.14+8-LTS-263, mixed mode, tiered, compressed oops, g1 gc, windows-amd64)
Heap:
 garbage-first heap   total 344064K, used 211089K [0x0000000080000000, 0x0000000100000000)
  region size 1024K, 10 young (10240K), 1 survivors (1024K)
 Metaspace       used 148304K, capacity 153258K, committed 153472K, reserved 649216K
  class space    used 18394K, capacity 20225K, committed 20352K, reserved 516096K
GC Heap History (10 events):
Event: 1407.685 GC heap before
{Heap before GC invocations=210 (full 0):
 garbage-first heap   total 344064K, used 282109K [0x0000000080000000, 0x0000000100000000)
  region size 1024K, 80 young (81920K), 6 survivors (6144K)
 Metaspace       used 147134K, capacity 151981K, committed 152320K, reserved 649216K
  class space    used 18218K, capacity 20039K, committed 20224K, reserved 516096K
}
Event: 1407.689 GC heap after
{Heap after GC invocations=211 (full 0):
 garbage-first heap   total 344064K, used 207401K [0x0000000080000000, 0x0000000100000000)
  region size 1024K, 6 young (6144K), 6 survivors (6144K)
 Metaspace       used 147134K, capacity 151981K, committed 152320K, reserved 649216K
  class space    used 18218K, capacity 20039K, committed 20224K, reserved 516096K
}
Event: 1407.972 GC heap before
{Heap before GC invocations=211 (full 0):
 garbage-first heap   total 344064K, used 285225K [0x0000000080000000, 0x0000000100000000)
  region size 1024K, 82 young (83968K), 6 survivors (6144K)
 Metaspace       used 147134K, capacity 151981K, committed 152320K, reserved 649216K
  class space    used 18218K, capacity 20039K, committed 20224K, reserved 516096K
}
Event: 1407.977 GC heap after
{Heap after GC invocations=212 (full 0):
 garbage-first heap   total 344064K, used 209159K [0x0000000080000000, 0x0000000100000000)
  region size 1024K, 4 young (4096K), 4 survivors (4096K)
 Metaspace       used 147134K, capacity 151981K, committed 152320K, reserved 649216K
  class space    used 18218K, capacity 20039K, committed 20224K, reserved 516096K
}
Event: 1408.261 GC heap before
{Heap before GC invocations=212 (full 0):
 garbage-first heap   total 344064K, used 286983K [0x0000000080000000, 0x0000000100000000)
  region size 1024K, 80 young (81920K), 4 survivors (4096K)
 Metaspace       used 147134K, capacity 151981K, committed 152320K, reserved 649216K
  class space    used 18218K, capacity 20039K, committed 20224K, reserved 516096K
}
Event: 1408.264 GC heap after
{Heap after GC invocations=213 (full 0):
 garbage-first heap   total 344064K, used 209478K [0x0000000080000000, 0x0000000100000000)
  region size 1024K, 5 young (5120K), 5 survivors (5120K)
 Metaspace       used 147134K, capacity 151981K, committed 152320K, reserved 649216K
  class space    used 18218K, capacity 20039K, committed 20224K, reserved 516096K
}
Event: 1408.559 GC heap before
{Heap before GC invocations=213 (full 0):
 garbage-first heap   total 344064K, used 288326K [0x0000000080000000, 0x0000000100000000)
  region size 1024K, 82 young (83968K), 5 survivors (5120K)
 Metaspace       used 147134K, capacity 151981K, committed 152320K, reserved 649216K
  class space    used 18218K, capacity 20039K, committed 20224K, reserved 516096K
}
Event: 1408.562 GC heap after
{Heap after GC invocations=214 (full 0):
 garbage-first heap   total 344064K, used 210548K [0x0000000080000000, 0x0000000100000000)
  region size 1024K, 6 young (6144K), 6 survivors (6144K)
 Metaspace       used 147134K, capacity 151981K, committed 152320K, reserved 649216K
  class space    used 18218K, capacity 20039K, committed 20224K, reserved 516096K
}
Event: 1588.857 GC heap before
{Heap before GC invocations=214 (full 0):
 garbage-first heap   total 344064K, used 291444K [0x0000000080000000, 0x0000000100000000)
  region size 1024K, 85 young (87040K), 6 survivors (6144K)
 Metaspace       used 148285K, capacity 153234K, committed 153472K, reserved 649216K
  class space    used 18392K, capacity 20221K, committed 20352K, reserved 516096K
}
Event: 1588.859 GC heap after
{Heap after GC invocations=215 (full 0):
 garbage-first heap   total 344064K, used 202897K [0x0000000080000000, 0x0000000100000000)
  region size 1024K, 1 young (1024K), 1 survivors (1024K)
 Metaspace       used 148285K, capacity 153234K, committed 153472K, reserved 649216K
  class space    used 18392K, capacity 20221K, committed 20352K, reserved 516096K
}

