# JRE version: OpenJDK Runtime Environment Microsoft-25199 (11.0.12+7) (build 11.0.12+7)
# Java VM: OpenJDK 64-Bit Server VM Microsoft-25199 (11.0.12+7, mixed mode, tiered, compressed oops, g1 gc, windows-amd64)
Heap:
 garbage-first heap   total 293888K, used 137468K [0x0000000080000000, 0x0000000100000000)
  region size 1024K, 23 young (23552K), 11 survivors (11264K)
 Metaspace       used 101620K, capacity 104940K, committed 105216K, reserved 608256K
  class space    used 13014K, capacity 14272K, committed 14336K, reserved 516096K
GC Heap History (20 events):
Event: 44.628 GC heap before
{Heap before GC invocations=38 (full 0):
 garbage-first heap   total 157696K, used 120604K [0x0000000080000000, 0x0000000100000000)
  region size 1024K, 28 young (28672K), 2 survivors (2048K)
 Metaspace       used 88229K, capacity 91052K, committed 91136K, reserved 595968K
  class space    used 11431K, capacity 12533K, committed 12544K, reserved 516096K
}
Event: 44.634 GC heap after
{Heap after GC invocations=39 (full 0):
 garbage-first heap   total 203776K, used 97274K [0x0000000080000000, 0x0000000100000000)
  region size 1024K, 4 young (4096K), 4 survivors (4096K)
 Metaspace       used 88229K, capacity 91052K, committed 91136K, reserved 595968K
  class space    used 11431K, capacity 12533K, committed 12544K, reserved 516096K
}
Event: 44.892 GC heap before
{Heap before GC invocations=39 (full 0):
 garbage-first heap   total 203776K, used 145402K [0x0000000080000000, 0x0000000100000000)
  region size 1024K, 51 young (52224K), 4 survivors (4096K)
 Metaspace       used 88259K, capacity 91116K, committed 91136K, reserved 595968K
  class space    used 11431K, capacity 12533K, committed 12544K, reserved 516096K
}
Event: 44.897 GC heap after
{Heap after GC invocations=40 (full 0):
 garbage-first heap   total 203776K, used 98780K [0x0000000080000000, 0x0000000100000000)
  region size 1024K, 5 young (5120K), 5 survivors (5120K)
 Metaspace       used 88259K, capacity 91116K, committed 91136K, reserved 595968K
  class space    used 11431K, capacity 12533K, committed 12544K, reserved 516096K
}
Event: 45.069 GC heap before
{Heap before GC invocations=40 (full 0):
 garbage-first heap   total 203776K, used 149980K [0x0000000080000000, 0x0000000100000000)
  region size 1024K, 55 young (56320K), 5 survivors (5120K)
 Metaspace       used 88278K, capacity 91116K, committed 91136K, reserved 595968K
  class space    used 11431K, capacity 12533K, committed 12544K, reserved 516096K
}
Event: 45.075 GC heap after
{Heap after GC invocations=41 (full 0):
 garbage-first heap   total 203776K, used 99679K [0x0000000080000000, 0x0000000100000000)
  region size 1024K, 3 young (3072K), 3 survivors (3072K)
 Metaspace       used 88278K, capacity 91116K, committed 91136K, reserved 595968K
  class space    used 11431K, capacity 12533K, committed 12544K, reserved 516096K
}
Event: 45.235 GC heap before
{Heap before GC invocations=41 (full 0):
 garbage-first heap   total 203776K, used 152927K [0x0000000080000000, 0x0000000100000000)
  region size 1024K, 55 young (56320K), 3 survivors (3072K)
 Metaspace       used 88285K, capacity 91116K, committed 91136K, reserved 595968K
  class space    used 11432K, capacity 12533K, committed 12544K, reserved 516096K
}
Event: 45.239 GC heap after
{Heap after GC invocations=42 (full 0):
 garbage-first heap   total 203776K, used 100173K [0x0000000080000000, 0x0000000100000000)
  region size 1024K, 4 young (4096K), 4 survivors (4096K)
 Metaspace       used 88285K, capacity 91116K, committed 91136K, reserved 595968K
  class space    used 11432K, capacity 12533K, committed 12544K, reserved 516096K
}
Event: 45.427 GC heap before
{Heap before GC invocations=42 (full 0):
 garbage-first heap   total 203776K, used 156493K [0x0000000080000000, 0x0000000100000000)
  region size 1024K, 59 young (60416K), 4 survivors (4096K)
 Metaspace       used 88289K, capacity 91116K, committed 91136K, reserved 595968K
  class space    used 11432K, capacity 12533K, committed 12544K, reserved 516096K
}
Event: 45.432 GC heap after
{Heap after GC invocations=43 (full 0):
 garbage-first heap   total 244736K, used 100909K [0x0000000080000000, 0x0000000100000000)
  region size 1024K, 4 young (4096K), 4 survivors (4096K)
 Metaspace       used 88289K, capacity 91116K, committed 91136K, reserved 595968K
  class space    used 11432K, capacity 12533K, committed 12544K, reserved 516096K
}
Event: 46.641 GC heap before
{Heap before GC invocations=43 (full 0):
 garbage-first heap   total 244736K, used 179757K [0x0000000080000000, 0x0000000100000000)
  region size 1024K, 81 young (82944K), 4 survivors (4096K)
 Metaspace       used 95156K, capacity 98136K, committed 98176K, reserved 602112K
  class space    used 12231K, capacity 13422K, committed 13440K, reserved 516096K
}
Event: 46.649 GC heap after
{Heap after GC invocations=44 (full 0):
 garbage-first heap   total 244736K, used 103981K [0x0000000080000000, 0x0000000100000000)
  region size 1024K, 7 young (7168K), 7 survivors (7168K)
 Metaspace       used 95156K, capacity 98136K, committed 98176K, reserved 602112K
  class space    used 12231K, capacity 13422K, committed 13440K, reserved 516096K
}
Event: 47.692 GC heap before
{Heap before GC invocations=44 (full 0):
 garbage-first heap   total 244736K, used 183853K [0x0000000080000000, 0x0000000100000000)
  region size 1024K, 85 young (87040K), 7 survivors (7168K)
 Metaspace       used 100399K, capacity 103508K, committed 103808K, reserved 606208K
  class space    used 12883K, capacity 14092K, committed 14208K, reserved 516096K
}
Event: 47.706 GC heap after
{Heap after GC invocations=45 (full 0):
 garbage-first heap   total 244736K, used 110173K [0x0000000080000000, 0x0000000100000000)
  region size 1024K, 11 young (11264K), 11 survivors (11264K)
 Metaspace       used 100399K, capacity 103508K, committed 103808K, reserved 606208K
  class space    used 12883K, capacity 14092K, committed 14208K, reserved 516096K
}
Event: 47.925 GC heap before
{Heap before GC invocations=45 (full 0):
 garbage-first heap   total 244736K, used 190045K [0x0000000080000000, 0x0000000100000000)
  region size 1024K, 88 young (90112K), 11 survivors (11264K)
 Metaspace       used 100401K, capacity 103508K, committed 103808K, reserved 606208K
  class space    used 12883K, capacity 14092K, committed 14208K, reserved 516096K
}
Event: 47.941 GC heap after
{Heap after GC invocations=46 (full 0):
 garbage-first heap   total 244736K, used 118142K [0x0000000080000000, 0x0000000100000000)
  region size 1024K, 8 young (8192K), 8 survivors (8192K)
 Metaspace       used 100401K, capacity 103508K, committed 103808K, reserved 606208K
  class space    used 12883K, capacity 14092K, committed 14208K, reserved 516096K
}
Event: 48.072 GC heap before
{Heap before GC invocations=46 (full 0):
 garbage-first heap   total 244736K, used 193918K [0x0000000080000000, 0x0000000100000000)
  region size 1024K, 82 young (83968K), 8 survivors (8192K)
 Metaspace       used 100431K, capacity 103508K, committed 103808K, reserved 606208K
  class space    used 12883K, capacity 14092K, committed 14208K, reserved 516096K
}
Event: 48.084 GC heap after
{Heap after GC invocations=47 (full 0):
 garbage-first heap   total 293888K, used 120545K [0x0000000080000000, 0x0000000100000000)
  region size 1024K, 5 young (5120K), 5 survivors (5120K)
 Metaspace       used 100431K, capacity 103508K, committed 103808K, reserved 606208K
  class space    used 12883K, capacity 14092K, committed 14208K, reserved 516096K
}
Event: 48.969 GC heap before
{Heap before GC invocations=47 (full 0):
 garbage-first heap   total 293888K, used 215777K [0x0000000080000000, 0x0000000100000000)
  region size 1024K, 98 young (100352K), 5 survivors (5120K)
 Metaspace       used 101558K, capacity 104812K, committed 104960K, reserved 608256K
  class space    used 13004K, capacity 14272K, committed 14336K, reserved 516096K
}
Event: 48.983 GC heap after
{Heap after GC invocations=48 (full 0):
 garbage-first heap   total 293888K, used 126204K [0x0000000080000000, 0x0000000100000000)
  region size 1024K, 11 young (11264K), 11 survivors (11264K)
 Metaspace       used 101558K, capacity 104812K, committed 104960K, reserved 608256K
  class space    used 13004K, capacity 14272K, committed 14336K, reserved 516096K
}

